{
  "stats": {
    "suites": 2,
    "tests": 2,
    "passes": 2,
    "pending": 0,
    "failures": 0,
    "start": "2017-01-18T06:45:22.186Z",
    "end": "2017-01-18T06:45:22.189Z",
    "duration": 3,
    "testsRegistered": 2,
    "passPercent": 100,
    "pendingPercent": 0,
    "other": 0,
    "hasOther": false,
    "skipped": 0,
    "hasSkipped": false,
    "passPercentClass": "success",
    "pendingPercentClass": "danger"
  },
  "suites": {
    "title": "",
    "suites": [
      {
        "title": "加法测试",
        "suites": [],
        "tests": [
          {
            "title": "1 + 1 =2",
            "fullTitle": "加法测试 1 + 1 =2",
            "timedOut": false,
            "duration": 0,
            "state": "passed",
            "speed": "fast",
            "pass": true,
            "fail": false,
            "pending": false,
            "code": "expect(Add(1, 1)).to.be.equal(2)\nexpect(Add(1, 2)).to.be.equal(3)\nexpect(Add(1, 3)).to.be.equal(4)",
            "err": {},
            "isRoot": false,
            "uuid": "8da00b0c-01a4-448a-b6e5-fa1da76bc08f",
            "parentUUID": "5a176cdc-06f5-4949-9b66-e9b1b888c72c",
            "skipped": false
          }
        ],
        "pending": [],
        "root": false,
        "_timeout": 2000,
        "file": "/test/add.test.js",
        "uuid": "5a176cdc-06f5-4949-9b66-e9b1b888c72c",
        "fullFile": "/Users/yjk/devCode/mocha-learning/test/add.test.js",
        "passes": [
          {
            "title": "1 + 1 =2",
            "fullTitle": "加法测试 1 + 1 =2",
            "timedOut": false,
            "duration": 0,
            "state": "passed",
            "speed": "fast",
            "pass": true,
            "fail": false,
            "pending": false,
            "code": "expect(Add(1, 1)).to.be.equal(2)\nexpect(Add(1, 2)).to.be.equal(3)\nexpect(Add(1, 3)).to.be.equal(4)",
            "err": {},
            "isRoot": false,
            "uuid": "8da00b0c-01a4-448a-b6e5-fa1da76bc08f",
            "parentUUID": "5a176cdc-06f5-4949-9b66-e9b1b888c72c",
            "skipped": false
          }
        ],
        "failures": [],
        "skipped": [],
        "hasTests": true,
        "hasSuites": false,
        "totalTests": 1,
        "totalPasses": 1,
        "totalFailures": 0,
        "totalPending": 0,
        "totalSkipped": 0,
        "hasPasses": true,
        "hasFailures": false,
        "hasPending": false,
        "hasSkipped": false,
        "duration": 0
      },
      {
        "title": "乘法测试",
        "suites": [],
        "tests": [
          {
            "title": "2 * 2=4",
            "fullTitle": "乘法测试 2 * 2=4",
            "timedOut": false,
            "duration": 0,
            "state": "passed",
            "speed": "fast",
            "pass": true,
            "fail": false,
            "pending": false,
            "code": "expect(Multiply(2, 2)).to.be.equal(4)",
            "err": {},
            "isRoot": false,
            "uuid": "e6767ab3-df10-4a8f-abdc-3b3fd667e787",
            "parentUUID": "3603764b-9141-4c96-ab24-08d00657ea60",
            "skipped": false
          }
        ],
        "pending": [],
        "root": false,
        "_timeout": 2000,
        "file": "/test/multiply.test.js",
        "uuid": "3603764b-9141-4c96-ab24-08d00657ea60",
        "fullFile": "/Users/yjk/devCode/mocha-learning/test/multiply.test.js",
        "passes": [
          {
            "title": "2 * 2=4",
            "fullTitle": "乘法测试 2 * 2=4",
            "timedOut": false,
            "duration": 0,
            "state": "passed",
            "speed": "fast",
            "pass": true,
            "fail": false,
            "pending": false,
            "code": "expect(Multiply(2, 2)).to.be.equal(4)",
            "err": {},
            "isRoot": false,
            "uuid": "e6767ab3-df10-4a8f-abdc-3b3fd667e787",
            "parentUUID": "3603764b-9141-4c96-ab24-08d00657ea60",
            "skipped": false
          }
        ],
        "failures": [],
        "skipped": [],
        "hasTests": true,
        "hasSuites": false,
        "totalTests": 1,
        "totalPasses": 1,
        "totalFailures": 0,
        "totalPending": 0,
        "totalSkipped": 0,
        "hasPasses": true,
        "hasFailures": false,
        "hasPending": false,
        "hasSkipped": false,
        "duration": 0
      }
    ],
    "tests": [],
    "pending": [],
    "root": true,
    "_timeout": 2000,
    "uuid": "0240658f-9b27-474e-9bd3-d0f728ad17a7",
    "fullFile": "",
    "file": "",
    "passes": [],
    "failures": [],
    "skipped": [],
    "hasTests": false,
    "hasSuites": true,
    "totalTests": 0,
    "totalPasses": 0,
    "totalFailures": 0,
    "totalPending": 0,
    "totalSkipped": 0,
    "hasPasses": false,
    "hasFailures": false,
    "hasPending": false,
    "hasSkipped": false,
    "duration": 0,
    "rootEmpty": true
  },
  "allTests": [
    {
      "title": "1 + 1 =2",
      "fullTitle": "加法测试 1 + 1 =2",
      "timedOut": false,
      "duration": 0,
      "state": "passed",
      "speed": "fast",
      "pass": true,
      "fail": false,
      "pending": false,
      "code": "expect(Add(1, 1)).to.be.equal(2)\nexpect(Add(1, 2)).to.be.equal(3)\nexpect(Add(1, 3)).to.be.equal(4)",
      "err": {},
      "isRoot": false,
      "uuid": "8da00b0c-01a4-448a-b6e5-fa1da76bc08f",
      "parentUUID": "5a176cdc-06f5-4949-9b66-e9b1b888c72c",
      "skipped": false
    },
    {
      "title": "2 * 2=4",
      "fullTitle": "乘法测试 2 * 2=4",
      "timedOut": false,
      "duration": 0,
      "state": "passed",
      "speed": "fast",
      "pass": true,
      "fail": false,
      "pending": false,
      "code": "expect(Multiply(2, 2)).to.be.equal(4)",
      "err": {},
      "isRoot": false,
      "uuid": "e6767ab3-df10-4a8f-abdc-3b3fd667e787",
      "parentUUID": "3603764b-9141-4c96-ab24-08d00657ea60",
      "skipped": false
    }
  ],
  "allPending": [],
  "allPasses": [
    {
      "title": "1 + 1 =2",
      "fullTitle": "加法测试 1 + 1 =2",
      "timedOut": false,
      "duration": 0,
      "state": "passed",
      "speed": "fast",
      "pass": true,
      "fail": false,
      "pending": false,
      "code": "expect(Add(1, 1)).to.be.equal(2)\nexpect(Add(1, 2)).to.be.equal(3)\nexpect(Add(1, 3)).to.be.equal(4)",
      "err": {},
      "isRoot": false,
      "uuid": "8da00b0c-01a4-448a-b6e5-fa1da76bc08f",
      "parentUUID": "5a176cdc-06f5-4949-9b66-e9b1b888c72c",
      "skipped": false
    },
    {
      "title": "2 * 2=4",
      "fullTitle": "乘法测试 2 * 2=4",
      "timedOut": false,
      "duration": 0,
      "state": "passed",
      "speed": "fast",
      "pass": true,
      "fail": false,
      "pending": false,
      "code": "expect(Multiply(2, 2)).to.be.equal(4)",
      "err": {},
      "isRoot": false,
      "uuid": "e6767ab3-df10-4a8f-abdc-3b3fd667e787",
      "parentUUID": "3603764b-9141-4c96-ab24-08d00657ea60",
      "skipped": false
    }
  ],
  "allFailures": [],
  "copyrightYear": 2017
}